{
  "/Users/a1/mine/utils/src/index.ts": {
    "path": "/Users/a1/mine/utils/src/index.ts",
    "statementMap": {},
    "fnMap": {},
    "branchMap": {},
    "s": {},
    "f": {},
    "b": {}
  },
  "/Users/a1/mine/utils/src/.umi/umi.ts": {
    "path": "/Users/a1/mine/utils/src/.umi/umi.ts",
    "statementMap": {
      "0": { "start": { "line": 14, "column": 24 }, "end": { "line": 33, "column": 2 } },
      "1": { "start": { "line": 14, "column": 74 }, "end": { "line": 33, "column": 2 } },
      "2": { "start": { "line": 18, "column": 17 }, "end": { "line": 29, "column": 6 } },
      "3": { "start": { "line": 30, "column": 4 }, "end": { "line": 30, "column": 30 } },
      "4": { "start": { "line": 35, "column": 21 }, "end": { "line": 35, "column": 38 } },
      "5": { "start": { "line": 39, "column": 4 }, "end": { "line": 41, "column": 6 } },
      "6": { "start": { "line": 46, "column": 0 }, "end": { "line": 58, "column": 1 } },
      "7": { "start": { "line": 48, "column": 2 }, "end": { "line": 57, "column": 5 } },
      "8": { "start": { "line": 49, "column": 16 }, "end": { "line": 49, "column": 40 } },
      "9": { "start": { "line": 50, "column": 4 }, "end": { "line": 56, "column": 5 } },
      "10": { "start": { "line": 51, "column": 6 }, "end": { "line": 53, "column": 9 } },
      "11": { "start": { "line": 52, "column": 8 }, "end": { "line": 52, "column": 62 } },
      "12": { "start": { "line": 55, "column": 6 }, "end": { "line": 55, "column": 64 } }
    },
    "fnMap": {
      "0": {
        "name": "(anonymous_0)",
        "decl": { "start": { "line": 14, "column": 24 }, "end": { "line": 14, "column": 25 } },
        "loc": { "start": { "line": 14, "column": 74 }, "end": { "line": 33, "column": 2 } },
        "line": 14
      },
      "1": {
        "name": "(anonymous_1)",
        "decl": { "start": { "line": 17, "column": 16 }, "end": { "line": 17, "column": 17 } },
        "loc": { "start": { "line": 17, "column": 22 }, "end": { "line": 31, "column": 3 } },
        "line": 17
      },
      "2": {
        "name": "(anonymous_2)",
        "decl": { "start": { "line": 48, "column": 37 }, "end": { "line": 48, "column": 38 } },
        "loc": { "start": { "line": 48, "column": 43 }, "end": { "line": 57, "column": 3 } },
        "line": 48
      },
      "3": {
        "name": "(anonymous_3)",
        "decl": { "start": { "line": 51, "column": 15 }, "end": { "line": 51, "column": 16 } },
        "loc": { "start": { "line": 51, "column": 34 }, "end": { "line": 53, "column": 7 } },
        "line": 51
      }
    },
    "branchMap": {
      "0": {
        "loc": { "start": { "line": 14, "column": 25 }, "end": { "line": 14, "column": 69 } },
        "type": "default-arg",
        "locations": [
          { "start": { "line": 14, "column": 67 }, "end": { "line": 14, "column": 69 } }
        ],
        "line": 14
      },
      "1": {
        "loc": { "start": { "line": 22, "column": 16 }, "end": { "line": 22, "column": 42 } },
        "type": "binary-expr",
        "locations": [
          { "start": { "line": 22, "column": 16 }, "end": { "line": 22, "column": 27 } },
          { "start": { "line": 22, "column": 31 }, "end": { "line": 22, "column": 42 } }
        ],
        "line": 22
      },
      "2": {
        "loc": { "start": { "line": 46, "column": 0 }, "end": { "line": 58, "column": 1 } },
        "type": "if",
        "locations": [
          { "start": { "line": 46, "column": 0 }, "end": { "line": 58, "column": 1 } },
          { "start": { "line": 46, "column": 0 }, "end": { "line": 58, "column": 1 } }
        ],
        "line": 46
      },
      "3": {
        "loc": { "start": { "line": 50, "column": 4 }, "end": { "line": 56, "column": 5 } },
        "type": "if",
        "locations": [
          { "start": { "line": 50, "column": 4 }, "end": { "line": 56, "column": 5 } },
          { "start": { "line": 50, "column": 4 }, "end": { "line": 56, "column": 5 } }
        ],
        "line": 50
      }
    },
    "s": {
      "0": 0,
      "1": 0,
      "2": 0,
      "3": 0,
      "4": 0,
      "5": 0,
      "6": 0,
      "7": 0,
      "8": 0,
      "9": 0,
      "10": 0,
      "11": 0,
      "12": 0
    },
    "f": { "0": 0, "1": 0, "2": 0, "3": 0 },
    "b": { "0": [0], "1": [0, 0], "2": [0, 0], "3": [0, 0] }
  },
  "/Users/a1/mine/utils/src/.umi/core/devScripts.ts": {
    "path": "/Users/a1/mine/utils/src/.umi/core/devScripts.ts",
    "statementMap": {
      "0": { "start": { "line": 3, "column": 0 }, "end": { "line": 50, "column": 1 } },
      "1": { "start": { "line": 6, "column": 4 }, "end": { "line": 9, "column": 5 } },
      "2": { "start": { "line": 7, "column": 6 }, "end": { "line": 7, "column": 31 } },
      "3": { "start": { "line": 8, "column": 6 }, "end": { "line": 8, "column": 13 } },
      "4": { "start": { "line": 13, "column": 6 }, "end": { "line": 13, "column": 74 } },
      "5": { "start": { "line": 18, "column": 4 }, "end": { "line": 20, "column": 5 } },
      "6": { "start": { "line": 19, "column": 6 }, "end": { "line": 19, "column": 13 } },
      "7": { "start": { "line": 23, "column": 6 }, "end": { "line": 26, "column": 7 } },
      "8": { "start": { "line": 24, "column": 8 }, "end": { "line": 24, "column": 33 } },
      "9": { "start": { "line": 25, "column": 8 }, "end": { "line": 25, "column": 15 } },
      "10": { "start": { "line": 28, "column": 6 }, "end": { "line": 28, "column": 29 } },
      "11": { "start": { "line": 30, "column": 6 }, "end": { "line": 33, "column": 7 } },
      "12": { "start": { "line": 32, "column": 8 }, "end": { "line": 32, "column": 26 } },
      "13": { "start": { "line": 37, "column": 4 }, "end": { "line": 44, "column": 6 } },
      "14": { "start": { "line": 39, "column": 8 }, "end": { "line": 39, "column": 49 } },
      "15": { "start": { "line": 42, "column": 8 }, "end": { "line": 42, "column": 38 } },
      "16": { "start": { "line": 47, "column": 2 }, "end": { "line": 49, "column": 5 } }
    },
    "fnMap": {
      "0": {
        "name": "tryApplyUpdates",
        "decl": { "start": { "line": 4, "column": 11 }, "end": { "line": 4, "column": 26 } },
        "loc": { "start": { "line": 4, "column": 58 }, "end": { "line": 45, "column": 3 } },
        "line": 4
      },
      "1": {
        "name": "isUpdateAvailable",
        "decl": { "start": { "line": 11, "column": 13 }, "end": { "line": 11, "column": 30 } },
        "loc": { "start": { "line": 11, "column": 33 }, "end": { "line": 14, "column": 5 } },
        "line": 11
      },
      "2": {
        "name": "handleApplyUpdates",
        "decl": { "start": { "line": 22, "column": 13 }, "end": { "line": 22, "column": 31 } },
        "loc": { "start": { "line": 22, "column": 72 }, "end": { "line": 34, "column": 5 } },
        "line": 22
      },
      "3": {
        "name": "(anonymous_3)",
        "decl": { "start": { "line": 38, "column": 6 }, "end": { "line": 38, "column": 7 } },
        "loc": { "start": { "line": 38, "column": 37 }, "end": { "line": 40, "column": 7 } },
        "line": 38
      },
      "4": {
        "name": "(anonymous_4)",
        "decl": { "start": { "line": 41, "column": 6 }, "end": { "line": 41, "column": 7 } },
        "loc": { "start": { "line": 41, "column": 28 }, "end": { "line": 43, "column": 7 } },
        "line": 41
      }
    },
    "branchMap": {
      "0": {
        "loc": { "start": { "line": 3, "column": 0 }, "end": { "line": 50, "column": 1 } },
        "type": "if",
        "locations": [
          { "start": { "line": 3, "column": 0 }, "end": { "line": 50, "column": 1 } },
          { "start": { "line": 3, "column": 0 }, "end": { "line": 50, "column": 1 } }
        ],
        "line": 3
      },
      "1": {
        "loc": { "start": { "line": 6, "column": 4 }, "end": { "line": 9, "column": 5 } },
        "type": "if",
        "locations": [
          { "start": { "line": 6, "column": 4 }, "end": { "line": 9, "column": 5 } },
          { "start": { "line": 6, "column": 4 }, "end": { "line": 9, "column": 5 } }
        ],
        "line": 6
      },
      "2": {
        "loc": { "start": { "line": 18, "column": 4 }, "end": { "line": 20, "column": 5 } },
        "type": "if",
        "locations": [
          { "start": { "line": 18, "column": 4 }, "end": { "line": 20, "column": 5 } },
          { "start": { "line": 18, "column": 4 }, "end": { "line": 20, "column": 5 } }
        ],
        "line": 18
      },
      "3": {
        "loc": { "start": { "line": 18, "column": 8 }, "end": { "line": 18, "column": 62 } },
        "type": "binary-expr",
        "locations": [
          { "start": { "line": 18, "column": 8 }, "end": { "line": 18, "column": 28 } },
          { "start": { "line": 18, "column": 32 }, "end": { "line": 18, "column": 62 } }
        ],
        "line": 18
      },
      "4": {
        "loc": { "start": { "line": 23, "column": 6 }, "end": { "line": 26, "column": 7 } },
        "type": "if",
        "locations": [
          { "start": { "line": 23, "column": 6 }, "end": { "line": 26, "column": 7 } },
          { "start": { "line": 23, "column": 6 }, "end": { "line": 26, "column": 7 } }
        ],
        "line": 23
      },
      "5": {
        "loc": { "start": { "line": 23, "column": 10 }, "end": { "line": 23, "column": 65 } },
        "type": "binary-expr",
        "locations": [
          { "start": { "line": 23, "column": 10 }, "end": { "line": 23, "column": 13 } },
          { "start": { "line": 23, "column": 17 }, "end": { "line": 23, "column": 32 } },
          { "start": { "line": 23, "column": 36 }, "end": { "line": 23, "column": 65 } }
        ],
        "line": 23
      },
      "6": {
        "loc": { "start": { "line": 30, "column": 6 }, "end": { "line": 33, "column": 7 } },
        "type": "if",
        "locations": [
          { "start": { "line": 30, "column": 6 }, "end": { "line": 33, "column": 7 } },
          { "start": { "line": 30, "column": 6 }, "end": { "line": 33, "column": 7 } }
        ],
        "line": 30
      }
    },
    "s": {
      "0": 0,
      "1": 0,
      "2": 0,
      "3": 0,
      "4": 0,
      "5": 0,
      "6": 0,
      "7": 0,
      "8": 0,
      "9": 0,
      "10": 0,
      "11": 0,
      "12": 0,
      "13": 0,
      "14": 0,
      "15": 0,
      "16": 0
    },
    "f": { "0": 0, "1": 0, "2": 0, "3": 0, "4": 0 },
    "b": {
      "0": [0, 0],
      "1": [0, 0],
      "2": [0, 0],
      "3": [0, 0],
      "4": [0, 0],
      "5": [0, 0, 0],
      "6": [0, 0]
    }
  },
  "/Users/a1/mine/utils/src/.umi/core/history.ts": {
    "path": "/Users/a1/mine/utils/src/.umi/core/history.ts",
    "statementMap": {
      "0": { "start": { "line": 4, "column": 14 }, "end": { "line": 6, "column": 1 } },
      "1": { "start": { "line": 7, "column": 0 }, "end": { "line": 9, "column": 1 } },
      "2": { "start": { "line": 8, "column": 2 }, "end": { "line": 8, "column": 46 } },
      "3": { "start": { "line": 12, "column": 23 }, "end": { "line": 12, "column": 85 } },
      "4": { "start": { "line": 13, "column": 29 }, "end": { "line": 19, "column": 1 } },
      "5": { "start": { "line": 14, "column": 2 }, "end": { "line": 16, "column": 3 } },
      "6": { "start": { "line": 15, "column": 4 }, "end": { "line": 15, "column": 44 } },
      "7": { "start": { "line": 18, "column": 2 }, "end": { "line": 18, "column": 17 } }
    },
    "fnMap": {
      "0": {
        "name": "(anonymous_0)",
        "decl": { "start": { "line": 13, "column": 29 }, "end": { "line": 13, "column": 30 } },
        "loc": { "start": { "line": 13, "column": 52 }, "end": { "line": 19, "column": 1 } },
        "line": 13
      }
    },
    "branchMap": {
      "0": {
        "loc": { "start": { "line": 7, "column": 0 }, "end": { "line": 9, "column": 1 } },
        "type": "if",
        "locations": [
          { "start": { "line": 7, "column": 0 }, "end": { "line": 9, "column": 1 } },
          { "start": { "line": 7, "column": 0 }, "end": { "line": 9, "column": 1 } }
        ],
        "line": 7
      },
      "1": {
        "loc": { "start": { "line": 12, "column": 23 }, "end": { "line": 12, "column": 85 } },
        "type": "cond-expr",
        "locations": [
          { "start": { "line": 12, "column": 49 }, "end": { "line": 12, "column": 53 } },
          { "start": { "line": 12, "column": 56 }, "end": { "line": 12, "column": 85 } }
        ],
        "line": 12
      },
      "2": {
        "loc": { "start": { "line": 13, "column": 30 }, "end": { "line": 13, "column": 47 } },
        "type": "default-arg",
        "locations": [
          { "start": { "line": 13, "column": 42 }, "end": { "line": 13, "column": 47 } }
        ],
        "line": 13
      },
      "3": {
        "loc": { "start": { "line": 14, "column": 2 }, "end": { "line": 16, "column": 3 } },
        "type": "if",
        "locations": [
          { "start": { "line": 14, "column": 2 }, "end": { "line": 16, "column": 3 } },
          { "start": { "line": 14, "column": 2 }, "end": { "line": 16, "column": 3 } }
        ],
        "line": 14
      }
    },
    "s": { "0": 0, "1": 0, "2": 0, "3": 0, "4": 0, "5": 0, "6": 0, "7": 0 },
    "f": { "0": 0 },
    "b": { "0": [0, 0], "1": [0, 0], "2": [0], "3": [0, 0] }
  },
  "/Users/a1/mine/utils/src/.umi/core/plugin.ts": {
    "path": "/Users/a1/mine/utils/src/.umi/core/plugin.ts",
    "statementMap": {
      "0": { "start": { "line": 4, "column": 15 }, "end": { "line": 6, "column": 2 } }
    },
    "fnMap": {},
    "branchMap": {},
    "s": { "0": 0 },
    "f": {},
    "b": {}
  },
  "/Users/a1/mine/utils/src/.umi/core/pluginRegister.ts": {
    "path": "/Users/a1/mine/utils/src/.umi/core/pluginRegister.ts",
    "statementMap": {},
    "fnMap": {},
    "branchMap": {},
    "s": {},
    "f": {},
    "b": {}
  },
  "/Users/a1/mine/utils/src/.umi/core/polyfill.ts": {
    "path": "/Users/a1/mine/utils/src/.umi/core/polyfill.ts",
    "statementMap": {},
    "fnMap": {},
    "branchMap": {},
    "s": {},
    "f": {},
    "b": {}
  },
  "/Users/a1/mine/utils/src/.umi/core/routes.ts": {
    "path": "/Users/a1/mine/utils/src/.umi/core/routes.ts",
    "statementMap": {
      "0": { "start": { "line": 8, "column": 17 }, "end": { "line": 98, "column": 1 } },
      "1": { "start": { "line": 14, "column": 47 }, "end": { "line": 14, "column": 154 } },
      "2": { "start": { "line": 15, "column": 39 }, "end": { "line": 15, "column": 95 } },
      "3": { "start": { "line": 16, "column": 35 }, "end": { "line": 16, "column": 59 } },
      "4": { "start": { "line": 17, "column": 36 }, "end": { "line": 17, "column": 57 } },
      "5": { "start": { "line": 20, "column": 25 }, "end": { "line": 20, "column": 56 } },
      "6": { "start": { "line": 23, "column": 6 }, "end": { "line": 23, "column": 24 } },
      "7": { "start": { "line": 25, "column": 6 }, "end": { "line": 40, "column": 7 } },
      "8": { "start": { "line": 28, "column": 10 }, "end": { "line": 28, "column": 31 } },
      "9": { "start": { "line": 32, "column": 10 }, "end": { "line": 36, "column": 12 } },
      "10": { "start": { "line": 39, "column": 10 }, "end": { "line": 39, "column": 64 } },
      "11": { "start": { "line": 96, "column": 28 }, "end": { "line": 96, "column": 42 } },
      "12": { "start": { "line": 101, "column": 2 }, "end": { "line": 105, "column": 5 } },
      "13": { "start": { "line": 107, "column": 2 }, "end": { "line": 107, "column": 16 } }
    },
    "fnMap": {
      "0": {
        "name": "getRoutes",
        "decl": { "start": { "line": 7, "column": 16 }, "end": { "line": 7, "column": 25 } },
        "loc": { "start": { "line": 7, "column": 28 }, "end": { "line": 108, "column": 1 } },
        "line": 7
      },
      "1": {
        "name": "(anonymous_1)",
        "decl": { "start": { "line": 13, "column": 17 }, "end": { "line": 13, "column": 18 } },
        "loc": { "start": { "line": 13, "column": 28 }, "end": { "line": 42, "column": 9 } },
        "line": 13
      },
      "2": {
        "name": "(anonymous_2)",
        "decl": { "start": { "line": 96, "column": 17 }, "end": { "line": 96, "column": 18 } },
        "loc": { "start": { "line": 96, "column": 28 }, "end": { "line": 96, "column": 42 } },
        "line": 96
      }
    },
    "branchMap": {
      "0": {
        "loc": { "start": { "line": 25, "column": 6 }, "end": { "line": 40, "column": 7 } },
        "type": "switch",
        "locations": [
          { "start": { "line": 26, "column": 8 }, "end": { "line": 28, "column": 31 } },
          { "start": { "line": 30, "column": 8 }, "end": { "line": 36, "column": 12 } },
          { "start": { "line": 38, "column": 8 }, "end": { "line": 39, "column": 64 } }
        ],
        "line": 25
      }
    },
    "s": {
      "0": 0,
      "1": 0,
      "2": 0,
      "3": 0,
      "4": 0,
      "5": 0,
      "6": 0,
      "7": 0,
      "8": 0,
      "9": 0,
      "10": 0,
      "11": 0,
      "12": 0,
      "13": 0
    },
    "f": { "0": 0, "1": 0, "2": 0 },
    "b": { "0": [0, 0, 0] }
  },
  "/Users/a1/mine/utils/src/.umi/core/umiExports.ts": {
    "path": "/Users/a1/mine/utils/src/.umi/core/umiExports.ts",
    "statementMap": {},
    "fnMap": {},
    "branchMap": {},
    "s": {},
    "f": {},
    "b": {}
  },
  "/Users/a1/mine/utils/src/.umi/dumi/demos/index.ts": {
    "path": "/Users/a1/mine/utils/src/.umi/dumi/demos/index.ts",
    "statementMap": {
      "0": { "start": { "line": 10, "column": 31 }, "end": { "line": 10, "column": 120 } },
      "1": { "start": { "line": 12, "column": 25 }, "end": { "line": 12, "column": 135 } },
      "2": { "start": { "line": 14, "column": 15 }, "end": { "line": 14, "column": 41 } },
      "3": { "start": { "line": 18, "column": 11 }, "end": { "line": 28, "column": 9 } },
      "4": { "start": { "line": 23, "column": 4 }, "end": { "line": 23, "column": 18 } },
      "5": { "start": { "line": 29, "column": 2 }, "end": { "line": 29, "column": 10 } },
      "6": { "start": { "line": 30, "column": 15 }, "end": { "line": 30, "column": 35 } },
      "7": { "start": { "line": 31, "column": 2 }, "end": { "line": 31, "column": 38 } }
    },
    "fnMap": {
      "0": {
        "name": "DumiDemo",
        "decl": { "start": { "line": 7, "column": 24 }, "end": { "line": 7, "column": 32 } },
        "loc": { "start": { "line": 7, "column": 35 }, "end": { "line": 32, "column": 1 } },
        "line": 7
      },
      "1": {
        "name": "d",
        "decl": { "start": { "line": 22, "column": 56 }, "end": { "line": 22, "column": 57 } },
        "loc": { "start": { "line": 22, "column": 60 }, "end": { "line": 24, "column": 3 } },
        "line": 22
      }
    },
    "branchMap": {},
    "s": { "0": 0, "1": 0, "2": 0, "3": 0, "4": 0, "5": 0, "6": 0, "7": 0 },
    "f": { "0": 0, "1": 0 },
    "b": {}
  },
  "/Users/a1/mine/utils/src/clone/index.ts": {
    "path": "/Users/a1/mine/utils/src/clone/index.ts",
    "statementMap": {
      "0": { "start": { "line": 5, "column": 19 }, "end": { "line": 5, "column": 28 } },
      "1": { "start": { "line": 7, "column": 4 }, "end": { "line": 10, "column": 5 } },
      "2": { "start": { "line": 8, "column": 6 }, "end": { "line": 8, "column": 32 } },
      "3": { "start": { "line": 9, "column": 6 }, "end": { "line": 9, "column": 16 } },
      "4": { "start": { "line": 11, "column": 4 }, "end": { "line": 13, "column": 5 } },
      "5": { "start": { "line": 12, "column": 6 }, "end": { "line": 12, "column": 30 } },
      "6": { "start": { "line": 14, "column": 4 }, "end": { "line": 14, "column": 26 } },
      "7": { "start": { "line": 15, "column": 4 }, "end": { "line": 17, "column": 5 } },
      "8": { "start": { "line": 16, "column": 6 }, "end": { "line": 16, "column": 52 } },
      "9": { "start": { "line": 16, "column": 26 }, "end": { "line": 16, "column": 35 } },
      "10": { "start": { "line": 18, "column": 4 }, "end": { "line": 23, "column": 27 } },
      "11": { "start": { "line": 19, "column": 6 }, "end": { "line": 19, "column": 41 } },
      "12": { "start": { "line": 21, "column": 6 }, "end": { "line": 21, "column": 42 } },
      "13": { "start": { "line": 22, "column": 6 }, "end": { "line": 22, "column": 16 } },
      "14": { "start": { "line": 25, "column": 2 }, "end": { "line": 25, "column": 22 } }
    },
    "fnMap": {
      "0": {
        "name": "clone",
        "decl": { "start": { "line": 4, "column": 16 }, "end": { "line": 4, "column": 21 } },
        "loc": { "start": { "line": 4, "column": 38 }, "end": { "line": 26, "column": 1 } },
        "line": 4
      },
      "1": {
        "name": "_clone",
        "decl": { "start": { "line": 6, "column": 11 }, "end": { "line": 6, "column": 17 } },
        "loc": { "start": { "line": 6, "column": 33 }, "end": { "line": 24, "column": 3 } },
        "line": 6
      },
      "2": {
        "name": "(anonymous_2)",
        "decl": { "start": { "line": 16, "column": 21 }, "end": { "line": 16, "column": 22 } },
        "loc": { "start": { "line": 16, "column": 26 }, "end": { "line": 16, "column": 35 } },
        "line": 16
      },
      "3": {
        "name": "(anonymous_3)",
        "decl": { "start": { "line": 18, "column": 35 }, "end": { "line": 18, "column": 36 } },
        "loc": { "start": { "line": 19, "column": 6 }, "end": { "line": 19, "column": 41 } },
        "line": 19
      },
      "4": {
        "name": "(anonymous_4)",
        "decl": { "start": { "line": 20, "column": 14 }, "end": { "line": 20, "column": 15 } },
        "loc": { "start": { "line": 20, "column": 28 }, "end": { "line": 23, "column": 5 } },
        "line": 20
      }
    },
    "branchMap": {
      "0": {
        "loc": { "start": { "line": 7, "column": 4 }, "end": { "line": 10, "column": 5 } },
        "type": "if",
        "locations": [
          { "start": { "line": 7, "column": 4 }, "end": { "line": 10, "column": 5 } },
          { "start": { "line": 7, "column": 4 }, "end": { "line": 10, "column": 5 } }
        ],
        "line": 7
      },
      "1": {
        "loc": { "start": { "line": 7, "column": 8 }, "end": { "line": 7, "column": 47 } },
        "type": "binary-expr",
        "locations": [
          { "start": { "line": 7, "column": 8 }, "end": { "line": 7, "column": 20 } },
          { "start": { "line": 7, "column": 24 }, "end": { "line": 7, "column": 47 } }
        ],
        "line": 7
      },
      "2": {
        "loc": { "start": { "line": 11, "column": 4 }, "end": { "line": 13, "column": 5 } },
        "type": "if",
        "locations": [
          { "start": { "line": 11, "column": 4 }, "end": { "line": 13, "column": 5 } },
          { "start": { "line": 11, "column": 4 }, "end": { "line": 13, "column": 5 } }
        ],
        "line": 11
      },
      "3": {
        "loc": { "start": { "line": 15, "column": 4 }, "end": { "line": 17, "column": 5 } },
        "type": "if",
        "locations": [
          { "start": { "line": 15, "column": 4 }, "end": { "line": 17, "column": 5 } },
          { "start": { "line": 15, "column": 4 }, "end": { "line": 17, "column": 5 } }
        ],
        "line": 15
      }
    },
    "s": {
      "0": 1,
      "1": 31,
      "2": 20,
      "3": 20,
      "4": 11,
      "5": 3,
      "6": 8,
      "7": 8,
      "8": 2,
      "9": 12,
      "10": 6,
      "11": 18,
      "12": 18,
      "13": 18,
      "14": 1
    },
    "f": { "0": 1, "1": 31, "2": 12, "3": 18, "4": 18 },
    "b": { "0": [20, 11], "1": [31, 29], "2": [3, 8], "3": [2, 6] },
    "_coverageSchema": "1a1c01bbd47fc00a2c39e90264f33305004495a9",
    "hash": "3f3783bb286b9c8ff406aa288884fc7a3517244a"
  }
}
